<?xml version="1.0" encoding="UTF-8"?>
<testng-results skipped="1" failed="0" ignored="0" total="1" passed="0">
  <reporter-output>
    <line>
      <![CDATA[<div "featureFile">Feature File: featureFile&#x2F;1Testbook_login.feature</div>]]>
    </line>
    <line>
      <![CDATA[<div "feature">Feature: Login with email</div>]]>
    </line>
    <line>
      <![CDATA[<div "scenarioOutline">Scenario Outline: Login with email</div>]]>
    </line>
    <line>
      <![CDATA[<div "scenario">Scenario Outline: Login with email</div>]]>
    </line>
    <line>
      <![CDATA[<div "result">Given  user is on testbook website (passed : 10s)</div>]]>
    </line>
    <line>
      <![CDATA[<div "result">When  User clicks on Login button (failed : 61s)</div>]]>
    </line>
    <line>
      <![CDATA[<div "result">And  user enters valid &lt;email&gt; and valid &lt;password&gt; and clicks login (skipped)</div>]]>
    </line>
    <line>
      <![CDATA[<div "result">Then  Testbook home page is displayed (skipped)</div>]]>
    </line>
    <line>
      <![CDATA[<div "scenario">Scenario Outline: Login with email</div>]]>
    </line>
    <line>
      <![CDATA[<div "result">Given  user is on testbook website (passed : 6s)</div>]]>
    </line>
    <line>
      <![CDATA[<div "result">When  User clicks on Login button (failed : 61s)</div>]]>
    </line>
    <line>
      <![CDATA[<div "result">And  user enters valid bpt0804@gmail.com and valid StepupTest@3248 and clicks login (skipped)</div>]]>
    </line>
    <line>
      <![CDATA[<div "result">Then  Testbook home page is displayed (skipped)</div>]]>
    </line>
    <line>
      <![CDATA[<div "featureFile">Feature File: featureFile&#x2F;3Testbook_logout.feature</div>]]>
    </line>
    <line>
      <![CDATA[<div "feature">Feature: Logout from testbook</div>]]>
    </line>
    <line>
      <![CDATA[<div "scenario">Scenario: Logout from Testbook</div>]]>
    </line>
    <line>
      <![CDATA[<div "result">Given  user is on testbook website (failed : 11s)</div>]]>
    </line>
    <line>
      <![CDATA[<div "result">When  User clicks on Login button (skipped)</div>]]>
    </line>
  </reporter-output>
  <suite name="testbookSuite" duration-ms="152063" started-at="2021-01-12T19:12:53Z" finished-at="2021-01-12T19:15:25Z">
    <groups>
      <group name="cucumber">
        <method signature="AbstractTestNGCucumberTests.run_cukes()[pri:0, instance:testRunner.testRunner1@1bb266b3]" name="run_cukes" class="cucumber.api.testng.AbstractTestNGCucumberTests"/>
      </group> <!-- cucumber -->
    </groups>
    <test name="testSnapdeal" duration-ms="152063" started-at="2021-01-12T19:12:53Z" finished-at="2021-01-12T19:15:25Z">
      <class name="base.Testbook_Base">
        <test-method status="PASS" signature="before_scenario()[pri:0, instance:base.Testbook_Base@4e268090]" name="before_scenario" is-config="true" duration-ms="5595" started-at="2021-01-12T19:12:47Z" finished-at="2021-01-12T19:12:53Z">
          <reporter-output>
          </reporter-output>
        </test-method> <!-- before_scenario -->
        <test-method status="PASS" signature="after_scenario()[pri:0, instance:base.Testbook_Base@4e268090]" name="after_scenario" is-config="true" duration-ms="1917" started-at="2021-01-12T19:15:25Z" finished-at="2021-01-12T19:15:27Z">
          <reporter-output>
          </reporter-output>
        </test-method> <!-- after_scenario -->
      </class> <!-- base.Testbook_Base -->
      <class name="testRunner.testRunner1">
        <test-method status="SKIP" signature="run_cukes()[pri:0, instance:testRunner.testRunner1@1bb266b3]" name="run_cukes" duration-ms="151984" started-at="2021-01-12T19:12:53Z" description="Runs Cucumber Features" finished-at="2021-01-12T19:15:25Z">
          <exception class="cucumber.runtime.CucumberException">
            <message>
              <![CDATA[org.openqa.selenium.TimeoutException: Expected condition failed: waiting for visibility of element located by By.name: notification-frame-173045c57 (tried for 60 second(s) with 500 milliseconds interval)]]>
            </message>
            <full-stacktrace>
              <![CDATA[cucumber.runtime.CucumberException: org.openqa.selenium.TimeoutException: Expected condition failed: waiting for visibility of element located by By.name: notification-frame-173045c57 (tried for 60 second(s) with 500 milliseconds interval)
at cucumber.api.testng.AbstractTestNGCucumberTests.run_cukes(AbstractTestNGCucumberTests.java:41)
at sun.reflect.NativeMethodAccessorImpl.invoke0(Native Method)
at sun.reflect.NativeMethodAccessorImpl.invoke(Unknown Source)
at sun.reflect.DelegatingMethodAccessorImpl.invoke(Unknown Source)
at java.lang.reflect.Method.invoke(Unknown Source)
at org.testng.internal.MethodInvocationHelper.invokeMethod(MethodInvocationHelper.java:124)
at org.testng.internal.MethodInvocationHelper$1.runTestMethod(MethodInvocationHelper.java:230)
at cucumber.api.testng.AbstractTestNGCucumberTests.run(AbstractTestNGCucumberTests.java:47)
at org.testng.internal.MethodInvocationHelper.invokeHookable(MethodInvocationHelper.java:242)
at org.testng.internal.Invoker.invokeMethod(Invoker.java:579)
at org.testng.internal.Invoker.invokeTestMethod(Invoker.java:719)
at org.testng.internal.Invoker.invokeTestMethods(Invoker.java:989)
at org.testng.internal.TestMethodWorker.invokeTestMethods(TestMethodWorker.java:125)
at org.testng.internal.TestMethodWorker.run(TestMethodWorker.java:109)
at org.testng.TestRunner.privateRun(TestRunner.java:648)
at org.testng.TestRunner.run(TestRunner.java:505)
at org.testng.SuiteRunner.runTest(SuiteRunner.java:455)
at org.testng.SuiteRunner.runSequentially(SuiteRunner.java:450)
at org.testng.SuiteRunner.privateRun(SuiteRunner.java:415)
at org.testng.SuiteRunner.run(SuiteRunner.java:364)
at org.testng.SuiteRunnerWorker.runSuite(SuiteRunnerWorker.java:52)
at org.testng.SuiteRunnerWorker.run(SuiteRunnerWorker.java:84)
at org.testng.TestNG.runSuitesSequentially(TestNG.java:1208)
at org.testng.TestNG.runSuitesLocally(TestNG.java:1137)
at org.testng.TestNG.runSuites(TestNG.java:1049)
at org.testng.TestNG.run(TestNG.java:1017)
at org.testng.remote.AbstractRemoteTestNG.run(AbstractRemoteTestNG.java:115)
at org.testng.remote.RemoteTestNG.initAndRun(RemoteTestNG.java:251)
at org.testng.remote.RemoteTestNG.main(RemoteTestNG.java:77)
Caused by: org.openqa.selenium.TimeoutException: Expected condition failed: waiting for visibility of element located by By.name: notification-frame-173045c57 (tried for 60 second(s) with 500 milliseconds interval)
at org.openqa.selenium.support.ui.WebDriverWait.timeoutException(WebDriverWait.java:95)
at org.openqa.selenium.support.ui.FluentWait.until(FluentWait.java:272)
at pages.Login.click_login(Login.java:55)
at stepDefinition.Login_stepDefinition.user_clicks_on_login_button(Login_stepDefinition.java:19)
at âœ½.When User clicks on Login button(featureFile/1Testbook_login.feature:10)
Caused by: org.openqa.selenium.NoSuchElementException: no such element: Unable to locate element: {"method":"css selector","selector":"*[name='notification-frame-173045c57']"}
  (Session info: chrome=87.0.4280.88)
For documentation on this error, please visit: https://www.seleniumhq.org/exceptions/no_such_element.html
Build info: version: '3.141.59', revision: 'e82be7d358', time: '2018-11-14T08:17:03'
System info: host: 'LIN49002181', ip: '192.168.1.2', os.name: 'Windows 10', os.arch: 'amd64', os.version: '10.0', java.version: '1.8.0_271'
Driver info: org.openqa.selenium.chrome.ChromeDriver
Capabilities {acceptInsecureCerts: false, browserName: chrome, browserVersion: 87.0.4280.88, chrome: {chromedriverVersion: 86.0.4240.22 (398b0743353ff..., userDataDir: C:\Users\snandgao\AppData\L...}, goog:chromeOptions: {debuggerAddress: localhost:57917}, javascriptEnabled: true, networkConnectionEnabled: false, pageLoadStrategy: normal, platform: WINDOWS, platformName: WINDOWS, proxy: Proxy(), setWindowRect: true, strictFileInteractability: false, timeouts: {implicit: 0, pageLoad: 300000, script: 30000}, unhandledPromptBehavior: dismiss and notify, webauthn:virtualAuthenticators: true}
Session ID: 3cfc046c9386d169635b2f06112fc87f
*** Element info: {Using=name, value=notification-frame-173045c57}
at sun.reflect.NativeConstructorAccessorImpl.newInstance0(Native Method)
at sun.reflect.NativeConstructorAccessorImpl.newInstance(Unknown Source)
at sun.reflect.DelegatingConstructorAccessorImpl.newInstance(Unknown Source)
at java.lang.reflect.Constructor.newInstance(Unknown Source)
at org.openqa.selenium.remote.http.W3CHttpResponseCodec.createException(W3CHttpResponseCodec.java:187)
at org.openqa.selenium.remote.http.W3CHttpResponseCodec.decode(W3CHttpResponseCodec.java:122)
at org.openqa.selenium.remote.http.W3CHttpResponseCodec.decode(W3CHttpResponseCodec.java:49)
at org.openqa.selenium.remote.HttpCommandExecutor.execute(HttpCommandExecutor.java:158)
at org.openqa.selenium.remote.service.DriverCommandExecutor.execute(DriverCommandExecutor.java:83)
at org.openqa.selenium.remote.RemoteWebDriver.execute(RemoteWebDriver.java:552)
at org.openqa.selenium.remote.RemoteWebDriver.findElement(RemoteWebDriver.java:323)
at org.openqa.selenium.remote.RemoteWebDriver.findElementByName(RemoteWebDriver.java:404)
at org.openqa.selenium.By$ByName.findElement(By.java:284)
at org.openqa.selenium.remote.RemoteWebDriver.findElement(RemoteWebDriver.java:315)
at org.openqa.selenium.support.ui.ExpectedConditions$7.apply(ExpectedConditions.java:205)
at org.openqa.selenium.support.ui.ExpectedConditions$7.apply(ExpectedConditions.java:201)
at org.openqa.selenium.support.ui.FluentWait.until(FluentWait.java:249)
at pages.Login.click_login(Login.java:55)
at stepDefinition.Login_stepDefinition.user_clicks_on_login_button(Login_stepDefinition.java:19)
at sun.reflect.NativeMethodAccessorImpl.invoke0(Native Method)
at sun.reflect.NativeMethodAccessorImpl.invoke(Unknown Source)
at sun.reflect.DelegatingMethodAccessorImpl.invoke(Unknown Source)
at java.lang.reflect.Method.invoke(Unknown Source)
at cucumber.runtime.Utils$1.call(Utils.java:35)
at cucumber.runtime.Timeout.timeout(Timeout.java:12)
at cucumber.runtime.Utils.invoke(Utils.java:31)
at cucumber.runtime.java.JavaStepDefinition.execute(JavaStepDefinition.java:35)
at cucumber.runtime.StepDefinitionMatch.runStep(StepDefinitionMatch.java:38)
at cucumber.runtime.Runtime.runStep(Runtime.java:289)
at cucumber.runtime.model.StepContainer.runStep(StepContainer.java:44)
at cucumber.runtime.model.StepContainer.runSteps(StepContainer.java:39)
at cucumber.runtime.model.CucumberScenario.run(CucumberScenario.java:40)
at cucumber.runtime.model.CucumberScenarioOutline.run(CucumberScenarioOutline.java:45)
at cucumber.runtime.model.CucumberFeature.run(CucumberFeature.java:116)
at cucumber.runtime.Runtime.run(Runtime.java:120)
at cucumber.runtime.Runtime.run(Runtime.java:108)
at cucumber.api.testng.AbstractTestNGCucumberTests.run_cukes(AbstractTestNGCucumberTests.java:38)
at sun.reflect.NativeMethodAccessorImpl.invoke0(Native Method)
at sun.reflect.NativeMethodAccessorImpl.invoke(Unknown Source)
at sun.reflect.DelegatingMethodAccessorImpl.invoke(Unknown Source)
at java.lang.reflect.Method.invoke(Unknown Source)
at org.testng.internal.MethodInvocationHelper.invokeMethod(MethodInvocationHelper.java:124)
at org.testng.internal.MethodInvocationHelper$1.runTestMethod(MethodInvocationHelper.java:230)
at cucumber.api.testng.AbstractTestNGCucumberTests.run(AbstractTestNGCucumberTests.java:47)
at org.testng.internal.MethodInvocationHelper.invokeHookable(MethodInvocationHelper.java:242)
at org.testng.internal.Invoker.invokeMethod(Invoker.java:579)
at org.testng.internal.Invoker.invokeTestMethod(Invoker.java:719)
at org.testng.internal.Invoker.invokeTestMethods(Invoker.java:989)
at org.testng.internal.TestMethodWorker.invokeTestMethods(TestMethodWorker.java:125)
at org.testng.internal.TestMethodWorker.run(TestMethodWorker.java:109)
at org.testng.TestRunner.privateRun(TestRunner.java:648)
at org.testng.TestRunner.run(TestRunner.java:505)
at org.testng.SuiteRunner.runTest(SuiteRunner.java:455)
at org.testng.SuiteRunner.runSequentially(SuiteRunner.java:450)
at org.testng.SuiteRunner.privateRun(SuiteRunner.java:415)
at org.testng.SuiteRunner.run(SuiteRunner.java:364)
at org.testng.SuiteRunnerWorker.runSuite(SuiteRunnerWorker.java:52)
at org.testng.SuiteRunnerWorker.run(SuiteRunnerWorker.java:84)
at org.testng.TestNG.runSuitesSequentially(TestNG.java:1208)
at org.testng.TestNG.runSuitesLocally(TestNG.java:1137)
at org.testng.TestNG.runSuites(TestNG.java:1049)
at org.testng.TestNG.run(TestNG.java:1017)
at org.testng.remote.AbstractRemoteTestNG.run(AbstractRemoteTestNG.java:115)
at org.testng.remote.RemoteTestNG.initAndRun(RemoteTestNG.java:251)
at org.testng.remote.RemoteTestNG.main(RemoteTestNG.java:77)
]]>
            </full-stacktrace>
          </exception> <!-- cucumber.runtime.CucumberException -->
          <reporter-output>
            <line>
              <![CDATA[<div "featureFile">Feature File: featureFile&#x2F;1Testbook_login.feature</div>]]>
            </line>
            <line>
              <![CDATA[<div "feature">Feature: Login with email</div>]]>
            </line>
            <line>
              <![CDATA[<div "scenarioOutline">Scenario Outline: Login with email</div>]]>
            </line>
            <line>
              <![CDATA[<div "scenario">Scenario Outline: Login with email</div>]]>
            </line>
            <line>
              <![CDATA[<div "result">Given  user is on testbook website (passed : 10s)</div>]]>
            </line>
            <line>
              <![CDATA[<div "result">When  User clicks on Login button (failed : 61s)</div>]]>
            </line>
            <line>
              <![CDATA[<div "result">And  user enters valid &lt;email&gt; and valid &lt;password&gt; and clicks login (skipped)</div>]]>
            </line>
            <line>
              <![CDATA[<div "result">Then  Testbook home page is displayed (skipped)</div>]]>
            </line>
            <line>
              <![CDATA[<div "scenario">Scenario Outline: Login with email</div>]]>
            </line>
            <line>
              <![CDATA[<div "result">Given  user is on testbook website (passed : 6s)</div>]]>
            </line>
            <line>
              <![CDATA[<div "result">When  User clicks on Login button (failed : 61s)</div>]]>
            </line>
            <line>
              <![CDATA[<div "result">And  user enters valid bpt0804@gmail.com and valid StepupTest@3248 and clicks login (skipped)</div>]]>
            </line>
            <line>
              <![CDATA[<div "result">Then  Testbook home page is displayed (skipped)</div>]]>
            </line>
            <line>
              <![CDATA[<div "featureFile">Feature File: featureFile&#x2F;3Testbook_logout.feature</div>]]>
            </line>
            <line>
              <![CDATA[<div "feature">Feature: Logout from testbook</div>]]>
            </line>
            <line>
              <![CDATA[<div "scenario">Scenario: Logout from Testbook</div>]]>
            </line>
            <line>
              <![CDATA[<div "result">Given  user is on testbook website (failed : 11s)</div>]]>
            </line>
            <line>
              <![CDATA[<div "result">When  User clicks on Login button (skipped)</div>]]>
            </line>
          </reporter-output>
        </test-method> <!-- run_cukes -->
      </class> <!-- testRunner.testRunner1 -->
    </test> <!-- testSnapdeal -->
  </suite> <!-- testbookSuite -->
</testng-results>
